2022-01-19 14:29:26,507:INFO:Initializing load_model()
2022-01-19 14:29:26,507:INFO:load_model(model_name=model, platform=None, authentication=None, verbose=True)
2022-01-19 14:29:45,942:INFO:Initializing load_model()
2022-01-19 14:29:45,942:INFO:load_model(model_name=model, platform=None, authentication=None, verbose=True)
2022-01-19 14:29:45,992:INFO:Initializing predict_model()
2022-01-19 14:29:45,993:INFO:predict_model(estimator=Pipeline(steps=[('dtypes',
                 DataTypes_Auto_infer(ml_usecase='classification',
                                      numerical_features=['yearsAtCompany'],
                                      target='turnover')),
                ('imputer',
                 Simple_Imputer(categorical_strategy='not_available',
                                fill_value_categorical=None,
                                fill_value_numerical=None,
                                numeric_strategy='mean',
                                target_variable=None)),
                ('new_levels1',
                 New_Catagorical_Levels_in_TestData(rep...
                ('rem_outliers', 'passthrough'), ('cluster_all', 'passthrough'),
                ('dummy', Dummify(target='turnover')),
                ('fix_perfect', Remove_100(target='turnover')),
                ('clean_names', Clean_Colum_Names()),
                ('feature_select', 'passthrough'), ('fix_multi', 'passthrough'),
                ('dfs', 'passthrough'), ('pca', 'passthrough'),
                ['trained_model',
                 GradientBoostingClassifier(random_state=3996)]]), probability_threshold=None, encoded_labels=False, drift_report=False, raw_score=False, round=4, verbose=True, ml_usecase=MLUsecase.CLASSIFICATION, display=None)
2022-01-19 14:29:45,995:INFO:Checking exceptions
2022-01-19 14:29:46,001:INFO:Preloading libraries
2022-01-19 14:30:29,776:INFO:Initializing load_model()
2022-01-19 14:30:29,776:INFO:load_model(model_name=model, platform=None, authentication=None, verbose=True)
2022-01-19 14:30:31,583:INFO:Initializing load_model()
2022-01-19 14:30:31,583:INFO:load_model(model_name=model, platform=None, authentication=None, verbose=True)
2022-01-19 14:30:31,632:INFO:Initializing predict_model()
2022-01-19 14:30:31,632:INFO:predict_model(estimator=Pipeline(steps=[('dtypes',
                 DataTypes_Auto_infer(ml_usecase='classification',
                                      numerical_features=['yearsAtCompany'],
                                      target='turnover')),
                ('imputer',
                 Simple_Imputer(categorical_strategy='not_available',
                                fill_value_categorical=None,
                                fill_value_numerical=None,
                                numeric_strategy='mean',
                                target_variable=None)),
                ('new_levels1',
                 New_Catagorical_Levels_in_TestData(rep...
                ('rem_outliers', 'passthrough'), ('cluster_all', 'passthrough'),
                ('dummy', Dummify(target='turnover')),
                ('fix_perfect', Remove_100(target='turnover')),
                ('clean_names', Clean_Colum_Names()),
                ('feature_select', 'passthrough'), ('fix_multi', 'passthrough'),
                ('dfs', 'passthrough'), ('pca', 'passthrough'),
                ['trained_model',
                 GradientBoostingClassifier(random_state=3996)]]), probability_threshold=None, encoded_labels=False, drift_report=False, raw_score=False, round=4, verbose=True, ml_usecase=MLUsecase.CLASSIFICATION, display=None)
2022-01-19 14:30:31,634:INFO:Checking exceptions
2022-01-19 14:30:31,638:INFO:Preloading libraries
2022-01-19 14:45:21,708:INFO:Initializing load_model()
2022-01-19 14:45:21,709:INFO:load_model(model_name=model, platform=None, authentication=None, verbose=True)
2022-01-19 15:13:12,655:INFO:Initializing load_model()
2022-01-19 15:13:12,656:INFO:load_model(model_name=model, platform=None, authentication=None, verbose=True)
2022-01-19 15:19:22,931:INFO:Initializing load_model()
2022-01-19 15:19:22,932:INFO:load_model(model_name=model, platform=None, authentication=None, verbose=True)
2022-01-19 15:19:22,992:INFO:Initializing predict_model()
2022-01-19 15:19:22,993:INFO:predict_model(estimator=Pipeline(steps=[('dtypes',
                 DataTypes_Auto_infer(ml_usecase='classification',
                                      numerical_features=['yearsAtCompany'],
                                      target='turnover')),
                ('imputer',
                 Simple_Imputer(categorical_strategy='not_available',
                                fill_value_categorical=None,
                                fill_value_numerical=None,
                                numeric_strategy='mean',
                                target_variable=None)),
                ('new_levels1',
                 New_Catagorical_Levels_in_TestData(rep...
                ('rem_outliers', 'passthrough'), ('cluster_all', 'passthrough'),
                ('dummy', Dummify(target='turnover')),
                ('fix_perfect', Remove_100(target='turnover')),
                ('clean_names', Clean_Colum_Names()),
                ('feature_select', 'passthrough'), ('fix_multi', 'passthrough'),
                ('dfs', 'passthrough'), ('pca', 'passthrough'),
                ['trained_model',
                 GradientBoostingClassifier(random_state=3996)]]), probability_threshold=None, encoded_labels=False, drift_report=False, raw_score=False, round=4, verbose=True, ml_usecase=MLUsecase.CLASSIFICATION, display=None)
2022-01-19 15:19:22,994:INFO:Checking exceptions
2022-01-19 15:19:22,994:INFO:Preloading libraries
2022-01-19 15:20:23,538:INFO:Initializing load_model()
2022-01-19 15:20:23,538:INFO:load_model(model_name=model, platform=None, authentication=None, verbose=True)
2022-01-19 15:20:24,730:INFO:Initializing load_model()
2022-01-19 15:20:24,730:INFO:load_model(model_name=model, platform=None, authentication=None, verbose=True)
2022-01-19 15:20:24,783:INFO:Initializing predict_model()
2022-01-19 15:20:24,783:INFO:predict_model(estimator=Pipeline(steps=[('dtypes',
                 DataTypes_Auto_infer(ml_usecase='classification',
                                      numerical_features=['yearsAtCompany'],
                                      target='turnover')),
                ('imputer',
                 Simple_Imputer(categorical_strategy='not_available',
                                fill_value_categorical=None,
                                fill_value_numerical=None,
                                numeric_strategy='mean',
                                target_variable=None)),
                ('new_levels1',
                 New_Catagorical_Levels_in_TestData(rep...
                ('rem_outliers', 'passthrough'), ('cluster_all', 'passthrough'),
                ('dummy', Dummify(target='turnover')),
                ('fix_perfect', Remove_100(target='turnover')),
                ('clean_names', Clean_Colum_Names()),
                ('feature_select', 'passthrough'), ('fix_multi', 'passthrough'),
                ('dfs', 'passthrough'), ('pca', 'passthrough'),
                ['trained_model',
                 GradientBoostingClassifier(random_state=3996)]]), probability_threshold=None, encoded_labels=False, drift_report=False, raw_score=False, round=4, verbose=True, ml_usecase=MLUsecase.CLASSIFICATION, display=None)
2022-01-19 15:20:24,784:INFO:Checking exceptions
2022-01-19 15:20:24,785:INFO:Preloading libraries
2022-01-19 15:20:32,703:INFO:Initializing load_model()
2022-01-19 15:20:32,703:INFO:load_model(model_name=model, platform=None, authentication=None, verbose=True)
2022-01-19 15:20:35,811:INFO:Initializing load_model()
2022-01-19 15:20:35,812:INFO:load_model(model_name=model, platform=None, authentication=None, verbose=True)
2022-01-19 15:20:35,865:INFO:Initializing predict_model()
2022-01-19 15:20:35,867:INFO:predict_model(estimator=Pipeline(steps=[('dtypes',
                 DataTypes_Auto_infer(ml_usecase='classification',
                                      numerical_features=['yearsAtCompany'],
                                      target='turnover')),
                ('imputer',
                 Simple_Imputer(categorical_strategy='not_available',
                                fill_value_categorical=None,
                                fill_value_numerical=None,
                                numeric_strategy='mean',
                                target_variable=None)),
                ('new_levels1',
                 New_Catagorical_Levels_in_TestData(rep...
                ('rem_outliers', 'passthrough'), ('cluster_all', 'passthrough'),
                ('dummy', Dummify(target='turnover')),
                ('fix_perfect', Remove_100(target='turnover')),
                ('clean_names', Clean_Colum_Names()),
                ('feature_select', 'passthrough'), ('fix_multi', 'passthrough'),
                ('dfs', 'passthrough'), ('pca', 'passthrough'),
                ['trained_model',
                 GradientBoostingClassifier(random_state=3996)]]), probability_threshold=None, encoded_labels=False, drift_report=False, raw_score=False, round=4, verbose=True, ml_usecase=MLUsecase.CLASSIFICATION, display=None)
2022-01-19 15:20:35,868:INFO:Checking exceptions
2022-01-19 15:20:35,868:INFO:Preloading libraries
