2022-01-19 01:07:00,183:INFO:PyCaret Supervised Module
2022-01-19 01:07:00,184:INFO:ML Usecase: classification
2022-01-19 01:07:00,185:INFO:version 2.3.6
2022-01-19 01:07:00,185:INFO:Initializing setup()
2022-01-19 01:07:00,185:INFO:setup(target=turnover, ml_usecase=classification, available_plots={'parameter': 'Hyperparameters', 'auc': 'AUC', 'confusion_matrix': 'Confusion Matrix', 'threshold': 'Threshold', 'pr': 'Precision Recall', 'error': 'Prediction Error', 'class_report': 'Class Report', 'rfe': 'Feature Selection', 'learning': 'Learning Curve', 'manifold': 'Manifold Learning', 'calibration': 'Calibration Curve', 'vc': 'Validation Curve', 'dimension': 'Dimensions', 'feature': 'Feature Importance', 'feature_all': 'Feature Importance (All)', 'boundary': 'Decision Boundary', 'lift': 'Lift Chart', 'gain': 'Gain Chart', 'tree': 'Decision Tree', 'ks': 'KS Statistic Plot'}, train_size=0.7, test_data=None, preprocess=True, imputation_type=simple, iterative_imputation_iters=5, categorical_features=None, categorical_imputation=constant, categorical_iterative_imputer=lightgbm, ordinal_features=None, high_cardinality_features=None, high_cardinality_method=frequency, numeric_features=['yearsAtCompany'], numeric_imputation=mean, numeric_iterative_imputer=lightgbm, date_features=None, ignore_features=None, normalize=True, normalize_method=minmax, transformation=False, transformation_method=yeo-johnson, handle_unknown_categorical=True, unknown_categorical_method=least_frequent, pca=False, pca_method=linear, pca_components=None, ignore_low_variance=False, combine_rare_levels=False, rare_level_threshold=0.1, bin_numeric_features=None, remove_outliers=False, outliers_threshold=0.05, remove_multicollinearity=False, multicollinearity_threshold=0.9, remove_perfect_collinearity=True, create_clusters=False, cluster_iter=20, polynomial_features=False, polynomial_degree=2, trigonometry_features=False, polynomial_threshold=0.1, group_features=None, group_names=None, feature_selection=False, feature_selection_threshold=0.8, feature_selection_method=classic, feature_interaction=False, feature_ratio=False, interaction_threshold=0.01, fix_imbalance=True, fix_imbalance_method=None, transform_target=False, transform_target_method=box-cox, data_split_shuffle=True, data_split_stratify=True, fold_strategy=stratifiedkfold, fold=10, fold_shuffle=False, fold_groups=None, n_jobs=-1, use_gpu=False, custom_pipeline=None, html=True, session_id=None, log_experiment=False, experiment_name=None, log_plots=False, log_profile=False, log_data=False, silent=False, verbose=True, profile=False, profile_kwargs=None, display=None)
2022-01-19 01:07:00,186:INFO:Checking environment
2022-01-19 01:07:00,186:INFO:python_version: 3.8.8
2022-01-19 01:07:00,186:INFO:python_build: ('default', 'Apr 13 2021 15:08:03')
2022-01-19 01:07:00,186:INFO:machine: AMD64
2022-01-19 01:07:00,187:INFO:platform: Windows-10-10.0.22000-SP0
2022-01-19 01:07:00,187:INFO:Memory: svmem(total=16953622528, available=5480198144, percent=67.7, used=11473424384, free=5480198144)
2022-01-19 01:07:00,187:INFO:Physical Core: 4
2022-01-19 01:07:00,187:INFO:Logical Core: 8
2022-01-19 01:07:00,187:INFO:Checking libraries
2022-01-19 01:07:00,187:INFO:pd==1.2.4
2022-01-19 01:07:00,187:INFO:numpy==1.19.5
2022-01-19 01:07:00,187:INFO:sklearn==0.23.2
2022-01-19 01:07:00,187:INFO:lightgbm==3.3.2
2022-01-19 01:07:00,188:WARNING:catboost not found
2022-01-19 01:07:00,190:WARNING:xgboost not found
2022-01-19 01:07:01,420:INFO:mlflow==1.23.0
2022-01-19 01:07:01,420:INFO:Checking Exceptions
2022-01-19 01:07:01,420:INFO:Declaring global variables
2022-01-19 01:07:01,420:INFO:USI: 5ca7
2022-01-19 01:07:01,421:INFO:pycaret_globals: {'transform_target_method_param', 'logging_param', 'X_train', 'prep_pipe', 'display_container', 'gpu_param', '_available_plots', '_gpu_n_jobs_param', 'transform_target_param', 'experiment__', 'imputation_classifier', 'iterative_imputation_iters_param', 'stratify_param', 'seed', '_ml_usecase', '_all_models_internal', 'fold_groups_param_full', '_internal_pipeline', 'imputation_regressor', 'y_train', 'y', '_all_models', 'log_plots_param', 'X', 'html_param', 'fold_param', 'fix_imbalance_method_param', 'fold_shuffle_param', 'data_before_preprocess', 'fix_imbalance_param', 'pycaret_globals', 'exp_name_log', 'USI', 'fold_generator', 'create_model_container', '_all_metrics', 'target_param', 'fold_groups_param', 'n_jobs_param', 'X_test', 'y_test', 'master_model_container'}
2022-01-19 01:07:01,421:INFO:Preparing display monitor
2022-01-19 01:07:01,421:INFO:Preparing display monitor
2022-01-19 01:07:01,431:INFO:Importing libraries
2022-01-19 01:07:01,431:INFO:Copying data for preprocessing
2022-01-19 01:07:01,439:INFO:Declaring preprocessing parameters
2022-01-19 01:07:01,441:INFO:Creating preprocessing pipeline
2022-01-19 01:07:01,449:INFO:Preprocessing pipeline created successfully
2022-01-19 01:07:01,450:ERROR:(Process Exit): setup has been interupted with user command 'quit'. setup must rerun.
2022-01-19 01:07:01,450:INFO:Creating global containers
2022-01-19 01:07:01,451:INFO:Internal pipeline: Pipeline(memory=None,
         steps=[('fix_imbalance',
                 SMOTE(k_neighbors=5, n_jobs=None, random_state=5143,
                       sampling_strategy='auto'))],
         verbose=False)
2022-01-19 01:24:04,580:INFO:PyCaret Supervised Module
2022-01-19 01:24:04,580:INFO:ML Usecase: classification
2022-01-19 01:24:04,580:INFO:version 2.3.6
2022-01-19 01:24:04,581:INFO:Initializing setup()
2022-01-19 01:24:04,581:INFO:setup(target=turnover, ml_usecase=classification, available_plots={'parameter': 'Hyperparameters', 'auc': 'AUC', 'confusion_matrix': 'Confusion Matrix', 'threshold': 'Threshold', 'pr': 'Precision Recall', 'error': 'Prediction Error', 'class_report': 'Class Report', 'rfe': 'Feature Selection', 'learning': 'Learning Curve', 'manifold': 'Manifold Learning', 'calibration': 'Calibration Curve', 'vc': 'Validation Curve', 'dimension': 'Dimensions', 'feature': 'Feature Importance', 'feature_all': 'Feature Importance (All)', 'boundary': 'Decision Boundary', 'lift': 'Lift Chart', 'gain': 'Gain Chart', 'tree': 'Decision Tree', 'ks': 'KS Statistic Plot'}, train_size=0.7, test_data=None, preprocess=True, imputation_type=simple, iterative_imputation_iters=5, categorical_features=None, categorical_imputation=constant, categorical_iterative_imputer=lightgbm, ordinal_features=None, high_cardinality_features=None, high_cardinality_method=frequency, numeric_features=['yearsAtCompany'], numeric_imputation=mean, numeric_iterative_imputer=lightgbm, date_features=None, ignore_features=None, normalize=True, normalize_method=minmax, transformation=False, transformation_method=yeo-johnson, handle_unknown_categorical=True, unknown_categorical_method=least_frequent, pca=False, pca_method=linear, pca_components=None, ignore_low_variance=False, combine_rare_levels=False, rare_level_threshold=0.1, bin_numeric_features=None, remove_outliers=False, outliers_threshold=0.05, remove_multicollinearity=False, multicollinearity_threshold=0.9, remove_perfect_collinearity=True, create_clusters=False, cluster_iter=20, polynomial_features=False, polynomial_degree=2, trigonometry_features=False, polynomial_threshold=0.1, group_features=None, group_names=None, feature_selection=False, feature_selection_threshold=0.8, feature_selection_method=classic, feature_interaction=False, feature_ratio=False, interaction_threshold=0.01, fix_imbalance=True, fix_imbalance_method=None, transform_target=False, transform_target_method=box-cox, data_split_shuffle=True, data_split_stratify=True, fold_strategy=stratifiedkfold, fold=10, fold_shuffle=False, fold_groups=None, n_jobs=-1, use_gpu=False, custom_pipeline=None, html=True, session_id=None, log_experiment=False, experiment_name=None, log_plots=False, log_profile=False, log_data=False, silent=False, verbose=True, profile=False, profile_kwargs=None, display=None)
2022-01-19 01:24:04,581:INFO:Checking environment
2022-01-19 01:24:04,581:INFO:python_version: 3.8.8
2022-01-19 01:24:04,581:INFO:python_build: ('default', 'Apr 13 2021 15:08:03')
2022-01-19 01:24:04,581:INFO:machine: AMD64
2022-01-19 01:24:04,582:INFO:platform: Windows-10-10.0.22000-SP0
2022-01-19 01:24:04,582:INFO:Memory: svmem(total=16953622528, available=6436773888, percent=62.0, used=10516848640, free=6436773888)
2022-01-19 01:24:04,582:INFO:Physical Core: 4
2022-01-19 01:24:04,582:INFO:Logical Core: 8
2022-01-19 01:24:04,582:INFO:Checking libraries
2022-01-19 01:24:04,582:INFO:pd==1.2.4
2022-01-19 01:24:04,582:INFO:numpy==1.19.5
2022-01-19 01:24:04,583:INFO:sklearn==0.23.2
2022-01-19 01:24:04,583:INFO:lightgbm==3.3.2
2022-01-19 01:24:04,585:WARNING:catboost not found
2022-01-19 01:24:04,585:WARNING:xgboost not found
2022-01-19 01:24:04,585:INFO:mlflow==1.23.0
2022-01-19 01:24:04,585:INFO:Checking Exceptions
2022-01-19 01:24:04,586:INFO:Declaring global variables
2022-01-19 01:24:04,586:INFO:USI: d1b8
2022-01-19 01:24:04,586:INFO:pycaret_globals: {'transform_target_method_param', 'logging_param', 'X_train', 'prep_pipe', 'display_container', 'gpu_param', '_available_plots', '_gpu_n_jobs_param', 'transform_target_param', 'experiment__', 'imputation_classifier', 'iterative_imputation_iters_param', 'stratify_param', 'seed', '_ml_usecase', '_all_models_internal', 'fold_groups_param_full', '_internal_pipeline', 'imputation_regressor', 'y_train', 'y', '_all_models', 'log_plots_param', 'X', 'html_param', 'fold_param', 'fix_imbalance_method_param', 'fold_shuffle_param', 'data_before_preprocess', 'fix_imbalance_param', 'pycaret_globals', 'exp_name_log', 'USI', 'fold_generator', 'create_model_container', '_all_metrics', 'target_param', 'fold_groups_param', 'n_jobs_param', 'X_test', 'y_test', 'master_model_container'}
2022-01-19 01:24:04,586:INFO:Preparing display monitor
2022-01-19 01:24:04,586:INFO:Preparing display monitor
2022-01-19 01:24:04,598:INFO:Importing libraries
2022-01-19 01:24:04,598:INFO:Copying data for preprocessing
2022-01-19 01:24:04,605:INFO:Declaring preprocessing parameters
2022-01-19 01:24:04,606:INFO:Creating preprocessing pipeline
2022-01-19 01:24:04,617:INFO:Preprocessing pipeline created successfully
2022-01-19 01:24:04,618:ERROR:(Process Exit): setup has been interupted with user command 'quit'. setup must rerun.
2022-01-19 01:24:04,619:INFO:Creating global containers
2022-01-19 01:24:04,619:INFO:Internal pipeline: Pipeline(memory=None,
         steps=[('fix_imbalance',
                 SMOTE(k_neighbors=5, n_jobs=None, random_state=3996,
                       sampling_strategy='auto'))],
         verbose=False)
2022-01-19 01:24:35,639:WARNING:Couldn't import xgboost.XGBClassifier
2022-01-19 01:24:35,639:WARNING:Couldn't import catboost.CatBoostClassifier
2022-01-19 01:24:35,721:WARNING:Couldn't import xgboost.XGBClassifier
2022-01-19 01:24:35,722:WARNING:Couldn't import catboost.CatBoostClassifier
2022-01-19 01:24:35,723:INFO:Creating grid variables
2022-01-19 01:24:35,741:INFO:create_model_container: 0
2022-01-19 01:24:35,741:INFO:master_model_container: 0
2022-01-19 01:24:35,741:INFO:display_container: 1
2022-01-19 01:24:35,746:INFO:Pipeline(memory=None,
         steps=[('dtypes',
                 DataTypes_Auto_infer(categorical_features=[],
                                      display_types=True, features_todrop=[],
                                      id_columns=[],
                                      ml_usecase='classification',
                                      numerical_features=['yearsAtCompany'],
                                      target='turnover', time_features=[])),
                ('imputer',
                 Simple_Imputer(categorical_strategy='not_available',
                                fill_value_categorical=None,
                                fill_value_numerical=...
                ('P_transform', 'passthrough'), ('binn', 'passthrough'),
                ('rem_outliers', 'passthrough'), ('cluster_all', 'passthrough'),
                ('dummy', Dummify(target='turnover')),
                ('fix_perfect', Remove_100(target='turnover')),
                ('clean_names', Clean_Colum_Names()),
                ('feature_select', 'passthrough'), ('fix_multi', 'passthrough'),
                ('dfs', 'passthrough'), ('pca', 'passthrough')],
         verbose=False)
2022-01-19 01:24:35,746:INFO:setup() succesfully completed......................................
2022-01-19 01:25:43,595:INFO:Initializing compare_models()
2022-01-19 01:25:43,596:INFO:compare_models(include=None, fold=5, round=4, cross_validation=True, sort=AUC, n_select=1, budget_time=None, turbo=True, errors=ignore, fit_kwargs=None, groups=None, probability_threshold=None, verbose=True, display=None, exclude=None)
2022-01-19 01:25:43,596:INFO:Checking exceptions
2022-01-19 01:25:43,598:INFO:Preparing display monitor
2022-01-19 01:25:43,598:INFO:Preparing display monitor
2022-01-19 01:25:43,631:INFO:Initializing Logistic Regression
2022-01-19 01:25:43,631:INFO:Total runtime is 0.0 minutes
2022-01-19 01:25:43,639:INFO:SubProcess create_model() called ==================================
2022-01-19 01:25:43,639:INFO:Initializing create_model()
2022-01-19 01:25:43,639:INFO:create_model(estimator=lr, fold=StratifiedKFold(n_splits=5, random_state=None, shuffle=False), round=4, cross_validation=True, predict=True, fit_kwargs={}, groups=None, refit=False, verbose=False, system=False, metrics=None, add_to_model_list=True, probability_threshold=None, display=<pycaret.internal.Display.Display object at 0x0000020D2445C8B0>, kwargs={})
2022-01-19 01:25:43,639:INFO:Checking exceptions
2022-01-19 01:25:43,639:INFO:Importing libraries
2022-01-19 01:25:43,639:INFO:Copying training dataset
2022-01-19 01:25:43,640:INFO:Defining folds
2022-01-19 01:25:43,640:INFO:Declaring metric variables
2022-01-19 01:25:43,647:INFO:Importing untrained model
2022-01-19 01:25:43,656:INFO:Logistic Regression Imported succesfully
2022-01-19 01:25:43,674:INFO:Starting cross validation
2022-01-19 01:25:43,675:INFO:Cross validating with StratifiedKFold(n_splits=5, random_state=None, shuffle=False), n_jobs=-1
2022-01-19 01:25:46,757:INFO:Calculating mean and std
2022-01-19 01:25:46,759:INFO:Creating metrics dataframe
2022-01-19 01:25:46,768:INFO:Uploading results into container
2022-01-19 01:25:46,769:INFO:Uploading model into container now
2022-01-19 01:25:46,769:INFO:create_model_container: 1
2022-01-19 01:25:46,769:INFO:master_model_container: 1
2022-01-19 01:25:46,769:INFO:display_container: 2
2022-01-19 01:25:46,770:INFO:LogisticRegression(C=1.0, class_weight=None, dual=False, fit_intercept=True,
                   intercept_scaling=1, l1_ratio=None, max_iter=1000,
                   multi_class='auto', n_jobs=None, penalty='l2',
                   random_state=3996, solver='lbfgs', tol=0.0001, verbose=0,
                   warm_start=False)
2022-01-19 01:25:46,770:INFO:create_model() succesfully completed......................................
2022-01-19 01:25:46,877:INFO:SubProcess create_model() end ==================================
2022-01-19 01:25:46,877:INFO:Creating metrics dataframe
2022-01-19 01:25:46,901:INFO:Initializing K Neighbors Classifier
2022-01-19 01:25:46,901:INFO:Total runtime is 0.05449828306833903 minutes
2022-01-19 01:25:46,912:INFO:SubProcess create_model() called ==================================
2022-01-19 01:25:46,912:INFO:Initializing create_model()
2022-01-19 01:25:46,912:INFO:create_model(estimator=knn, fold=StratifiedKFold(n_splits=5, random_state=None, shuffle=False), round=4, cross_validation=True, predict=True, fit_kwargs={}, groups=None, refit=False, verbose=False, system=False, metrics=None, add_to_model_list=True, probability_threshold=None, display=<pycaret.internal.Display.Display object at 0x0000020D2445C8B0>, kwargs={})
2022-01-19 01:25:46,912:INFO:Checking exceptions
2022-01-19 01:25:46,912:INFO:Importing libraries
2022-01-19 01:25:46,912:INFO:Copying training dataset
2022-01-19 01:25:46,914:INFO:Defining folds
2022-01-19 01:25:46,914:INFO:Declaring metric variables
2022-01-19 01:25:46,921:INFO:Importing untrained model
2022-01-19 01:25:46,933:INFO:K Neighbors Classifier Imported succesfully
2022-01-19 01:25:46,952:INFO:Starting cross validation
2022-01-19 01:25:46,953:INFO:Cross validating with StratifiedKFold(n_splits=5, random_state=None, shuffle=False), n_jobs=-1
2022-01-19 01:25:49,002:INFO:Calculating mean and std
2022-01-19 01:25:49,003:INFO:Creating metrics dataframe
2022-01-19 01:25:49,006:INFO:Uploading results into container
2022-01-19 01:25:49,007:INFO:Uploading model into container now
2022-01-19 01:25:49,008:INFO:create_model_container: 2
2022-01-19 01:25:49,008:INFO:master_model_container: 2
2022-01-19 01:25:49,008:INFO:display_container: 2
2022-01-19 01:25:49,008:INFO:KNeighborsClassifier(algorithm='auto', leaf_size=30, metric='minkowski',
                     metric_params=None, n_jobs=-1, n_neighbors=5, p=2,
                     weights='uniform')
2022-01-19 01:25:49,008:INFO:create_model() succesfully completed......................................
2022-01-19 01:25:49,092:INFO:SubProcess create_model() end ==================================
2022-01-19 01:25:49,092:INFO:Creating metrics dataframe
2022-01-19 01:25:49,116:INFO:Initializing Naive Bayes
2022-01-19 01:25:49,116:INFO:Total runtime is 0.09141801198323568 minutes
2022-01-19 01:25:49,127:INFO:SubProcess create_model() called ==================================
2022-01-19 01:25:49,127:INFO:Initializing create_model()
2022-01-19 01:25:49,127:INFO:create_model(estimator=nb, fold=StratifiedKFold(n_splits=5, random_state=None, shuffle=False), round=4, cross_validation=True, predict=True, fit_kwargs={}, groups=None, refit=False, verbose=False, system=False, metrics=None, add_to_model_list=True, probability_threshold=None, display=<pycaret.internal.Display.Display object at 0x0000020D2445C8B0>, kwargs={})
2022-01-19 01:25:49,127:INFO:Checking exceptions
2022-01-19 01:25:49,127:INFO:Importing libraries
2022-01-19 01:25:49,127:INFO:Copying training dataset
2022-01-19 01:25:49,128:INFO:Defining folds
2022-01-19 01:25:49,128:INFO:Declaring metric variables
2022-01-19 01:25:49,138:INFO:Importing untrained model
2022-01-19 01:25:49,145:INFO:Naive Bayes Imported succesfully
2022-01-19 01:25:49,161:INFO:Starting cross validation
2022-01-19 01:25:49,162:INFO:Cross validating with StratifiedKFold(n_splits=5, random_state=None, shuffle=False), n_jobs=-1
2022-01-19 01:25:49,215:INFO:Calculating mean and std
2022-01-19 01:25:49,216:INFO:Creating metrics dataframe
2022-01-19 01:25:49,220:INFO:Uploading results into container
2022-01-19 01:25:49,220:INFO:Uploading model into container now
2022-01-19 01:25:49,220:INFO:create_model_container: 3
2022-01-19 01:25:49,220:INFO:master_model_container: 3
2022-01-19 01:25:49,220:INFO:display_container: 2
2022-01-19 01:25:49,220:INFO:GaussianNB(priors=None, var_smoothing=1e-09)
2022-01-19 01:25:49,220:INFO:create_model() succesfully completed......................................
2022-01-19 01:25:49,277:INFO:SubProcess create_model() end ==================================
2022-01-19 01:25:49,277:INFO:Creating metrics dataframe
2022-01-19 01:25:49,312:INFO:Initializing Decision Tree Classifier
2022-01-19 01:25:49,312:INFO:Total runtime is 0.09468740224838257 minutes
2022-01-19 01:25:49,321:INFO:SubProcess create_model() called ==================================
2022-01-19 01:25:49,321:INFO:Initializing create_model()
2022-01-19 01:25:49,321:INFO:create_model(estimator=dt, fold=StratifiedKFold(n_splits=5, random_state=None, shuffle=False), round=4, cross_validation=True, predict=True, fit_kwargs={}, groups=None, refit=False, verbose=False, system=False, metrics=None, add_to_model_list=True, probability_threshold=None, display=<pycaret.internal.Display.Display object at 0x0000020D2445C8B0>, kwargs={})
2022-01-19 01:25:49,322:INFO:Checking exceptions
2022-01-19 01:25:49,322:INFO:Importing libraries
2022-01-19 01:25:49,322:INFO:Copying training dataset
2022-01-19 01:25:49,322:INFO:Defining folds
2022-01-19 01:25:49,323:INFO:Declaring metric variables
2022-01-19 01:25:49,332:INFO:Importing untrained model
2022-01-19 01:25:49,340:INFO:Decision Tree Classifier Imported succesfully
2022-01-19 01:25:49,357:INFO:Starting cross validation
2022-01-19 01:25:49,357:INFO:Cross validating with StratifiedKFold(n_splits=5, random_state=None, shuffle=False), n_jobs=-1
2022-01-19 01:25:49,447:INFO:Calculating mean and std
2022-01-19 01:25:49,448:INFO:Creating metrics dataframe
2022-01-19 01:25:49,451:INFO:Uploading results into container
2022-01-19 01:25:49,451:INFO:Uploading model into container now
2022-01-19 01:25:49,451:INFO:create_model_container: 4
2022-01-19 01:25:49,451:INFO:master_model_container: 4
2022-01-19 01:25:49,451:INFO:display_container: 2
2022-01-19 01:25:49,452:INFO:DecisionTreeClassifier(ccp_alpha=0.0, class_weight=None, criterion='gini',
                       max_depth=None, max_features=None, max_leaf_nodes=None,
                       min_impurity_decrease=0.0, min_impurity_split=None,
                       min_samples_leaf=1, min_samples_split=2,
                       min_weight_fraction_leaf=0.0, presort='deprecated',
                       random_state=3996, splitter='best')
2022-01-19 01:25:49,452:INFO:create_model() succesfully completed......................................
2022-01-19 01:25:49,512:INFO:SubProcess create_model() end ==================================
2022-01-19 01:25:49,512:INFO:Creating metrics dataframe
2022-01-19 01:25:49,546:INFO:Initializing SVM - Linear Kernel
2022-01-19 01:25:49,546:INFO:Total runtime is 0.09857745965321858 minutes
2022-01-19 01:25:49,556:INFO:SubProcess create_model() called ==================================
2022-01-19 01:25:49,556:INFO:Initializing create_model()
2022-01-19 01:25:49,556:INFO:create_model(estimator=svm, fold=StratifiedKFold(n_splits=5, random_state=None, shuffle=False), round=4, cross_validation=True, predict=True, fit_kwargs={}, groups=None, refit=False, verbose=False, system=False, metrics=None, add_to_model_list=True, probability_threshold=None, display=<pycaret.internal.Display.Display object at 0x0000020D2445C8B0>, kwargs={})
2022-01-19 01:25:49,556:INFO:Checking exceptions
2022-01-19 01:25:49,557:INFO:Importing libraries
2022-01-19 01:25:49,557:INFO:Copying training dataset
2022-01-19 01:25:49,557:INFO:Defining folds
2022-01-19 01:25:49,557:INFO:Declaring metric variables
2022-01-19 01:25:49,566:INFO:Importing untrained model
2022-01-19 01:25:49,575:INFO:SVM - Linear Kernel Imported succesfully
2022-01-19 01:25:49,593:INFO:Starting cross validation
2022-01-19 01:25:49,594:INFO:Cross validating with StratifiedKFold(n_splits=5, random_state=None, shuffle=False), n_jobs=-1
2022-01-19 01:25:49,892:INFO:Calculating mean and std
2022-01-19 01:25:49,893:INFO:Creating metrics dataframe
2022-01-19 01:25:49,897:INFO:Uploading results into container
2022-01-19 01:25:49,897:INFO:Uploading model into container now
2022-01-19 01:25:49,897:INFO:create_model_container: 5
2022-01-19 01:25:49,897:INFO:master_model_container: 5
2022-01-19 01:25:49,897:INFO:display_container: 2
2022-01-19 01:25:49,898:INFO:SGDClassifier(alpha=0.0001, average=False, class_weight=None,
              early_stopping=False, epsilon=0.1, eta0=0.001, fit_intercept=True,
              l1_ratio=0.15, learning_rate='optimal', loss='hinge',
              max_iter=1000, n_iter_no_change=5, n_jobs=-1, penalty='l2',
              power_t=0.5, random_state=3996, shuffle=True, tol=0.001,
              validation_fraction=0.1, verbose=0, warm_start=False)
2022-01-19 01:25:49,898:INFO:create_model() succesfully completed......................................
2022-01-19 01:25:49,965:INFO:SubProcess create_model() end ==================================
2022-01-19 01:25:49,965:INFO:Creating metrics dataframe
2022-01-19 01:25:49,992:INFO:Initializing Ridge Classifier
2022-01-19 01:25:49,992:INFO:Total runtime is 0.10601629018783569 minutes
2022-01-19 01:25:50,002:INFO:SubProcess create_model() called ==================================
2022-01-19 01:25:50,002:INFO:Initializing create_model()
2022-01-19 01:25:50,002:INFO:create_model(estimator=ridge, fold=StratifiedKFold(n_splits=5, random_state=None, shuffle=False), round=4, cross_validation=True, predict=True, fit_kwargs={}, groups=None, refit=False, verbose=False, system=False, metrics=None, add_to_model_list=True, probability_threshold=None, display=<pycaret.internal.Display.Display object at 0x0000020D2445C8B0>, kwargs={})
2022-01-19 01:25:50,003:INFO:Checking exceptions
2022-01-19 01:25:50,003:INFO:Importing libraries
2022-01-19 01:25:50,003:INFO:Copying training dataset
2022-01-19 01:25:50,003:INFO:Defining folds
2022-01-19 01:25:50,004:INFO:Declaring metric variables
2022-01-19 01:25:50,011:INFO:Importing untrained model
2022-01-19 01:25:50,018:INFO:Ridge Classifier Imported succesfully
2022-01-19 01:25:50,035:INFO:Starting cross validation
2022-01-19 01:25:50,036:INFO:Cross validating with StratifiedKFold(n_splits=5, random_state=None, shuffle=False), n_jobs=-1
2022-01-19 01:25:50,091:INFO:Calculating mean and std
2022-01-19 01:25:50,092:INFO:Creating metrics dataframe
2022-01-19 01:25:50,096:INFO:Uploading results into container
2022-01-19 01:25:50,096:INFO:Uploading model into container now
2022-01-19 01:25:50,096:INFO:create_model_container: 6
2022-01-19 01:25:50,097:INFO:master_model_container: 6
2022-01-19 01:25:50,097:INFO:display_container: 2
2022-01-19 01:25:50,097:INFO:RidgeClassifier(alpha=1.0, class_weight=None, copy_X=True, fit_intercept=True,
                max_iter=None, normalize=False, random_state=3996,
                solver='auto', tol=0.001)
2022-01-19 01:25:50,097:INFO:create_model() succesfully completed......................................
2022-01-19 01:25:50,163:INFO:SubProcess create_model() end ==================================
2022-01-19 01:25:50,164:INFO:Creating metrics dataframe
2022-01-19 01:25:50,189:INFO:Initializing Random Forest Classifier
2022-01-19 01:25:50,189:INFO:Total runtime is 0.10929557085037231 minutes
2022-01-19 01:25:50,199:INFO:SubProcess create_model() called ==================================
2022-01-19 01:25:50,199:INFO:Initializing create_model()
2022-01-19 01:25:50,199:INFO:create_model(estimator=rf, fold=StratifiedKFold(n_splits=5, random_state=None, shuffle=False), round=4, cross_validation=True, predict=True, fit_kwargs={}, groups=None, refit=False, verbose=False, system=False, metrics=None, add_to_model_list=True, probability_threshold=None, display=<pycaret.internal.Display.Display object at 0x0000020D2445C8B0>, kwargs={})
2022-01-19 01:25:50,199:INFO:Checking exceptions
2022-01-19 01:25:50,199:INFO:Importing libraries
2022-01-19 01:25:50,199:INFO:Copying training dataset
2022-01-19 01:25:50,200:INFO:Defining folds
2022-01-19 01:25:50,200:INFO:Declaring metric variables
2022-01-19 01:25:50,208:INFO:Importing untrained model
2022-01-19 01:25:50,216:INFO:Random Forest Classifier Imported succesfully
2022-01-19 01:25:50,235:INFO:Starting cross validation
2022-01-19 01:25:50,235:INFO:Cross validating with StratifiedKFold(n_splits=5, random_state=None, shuffle=False), n_jobs=-1
2022-01-19 01:25:51,831:INFO:Calculating mean and std
2022-01-19 01:25:51,832:INFO:Creating metrics dataframe
2022-01-19 01:25:51,836:INFO:Uploading results into container
2022-01-19 01:25:51,836:INFO:Uploading model into container now
2022-01-19 01:25:51,836:INFO:create_model_container: 7
2022-01-19 01:25:51,836:INFO:master_model_container: 7
2022-01-19 01:25:51,837:INFO:display_container: 2
2022-01-19 01:25:51,837:INFO:RandomForestClassifier(bootstrap=True, ccp_alpha=0.0, class_weight=None,
                       criterion='gini', max_depth=None, max_features='auto',
                       max_leaf_nodes=None, max_samples=None,
                       min_impurity_decrease=0.0, min_impurity_split=None,
                       min_samples_leaf=1, min_samples_split=2,
                       min_weight_fraction_leaf=0.0, n_estimators=100,
                       n_jobs=-1, oob_score=False, random_state=3996, verbose=0,
                       warm_start=False)
2022-01-19 01:25:51,837:INFO:create_model() succesfully completed......................................
2022-01-19 01:25:51,906:INFO:SubProcess create_model() end ==================================
2022-01-19 01:25:51,907:INFO:Creating metrics dataframe
2022-01-19 01:25:51,932:INFO:Initializing Quadratic Discriminant Analysis
2022-01-19 01:25:51,932:INFO:Total runtime is 0.13834879795710245 minutes
2022-01-19 01:25:51,941:INFO:SubProcess create_model() called ==================================
2022-01-19 01:25:51,941:INFO:Initializing create_model()
2022-01-19 01:25:51,941:INFO:create_model(estimator=qda, fold=StratifiedKFold(n_splits=5, random_state=None, shuffle=False), round=4, cross_validation=True, predict=True, fit_kwargs={}, groups=None, refit=False, verbose=False, system=False, metrics=None, add_to_model_list=True, probability_threshold=None, display=<pycaret.internal.Display.Display object at 0x0000020D2445C8B0>, kwargs={})
2022-01-19 01:25:51,941:INFO:Checking exceptions
2022-01-19 01:25:51,941:INFO:Importing libraries
2022-01-19 01:25:51,941:INFO:Copying training dataset
2022-01-19 01:25:51,943:INFO:Defining folds
2022-01-19 01:25:51,944:INFO:Declaring metric variables
2022-01-19 01:25:51,952:INFO:Importing untrained model
2022-01-19 01:25:51,962:INFO:Quadratic Discriminant Analysis Imported succesfully
2022-01-19 01:25:51,979:INFO:Starting cross validation
2022-01-19 01:25:51,979:INFO:Cross validating with StratifiedKFold(n_splits=5, random_state=None, shuffle=False), n_jobs=-1
2022-01-19 01:25:52,057:INFO:Calculating mean and std
2022-01-19 01:25:52,058:INFO:Creating metrics dataframe
2022-01-19 01:25:52,062:INFO:Uploading results into container
2022-01-19 01:25:52,062:INFO:Uploading model into container now
2022-01-19 01:25:52,062:INFO:create_model_container: 8
2022-01-19 01:25:52,062:INFO:master_model_container: 8
2022-01-19 01:25:52,062:INFO:display_container: 2
2022-01-19 01:25:52,062:INFO:QuadraticDiscriminantAnalysis(priors=None, reg_param=0.0,
                              store_covariance=False, tol=0.0001)
2022-01-19 01:25:52,062:INFO:create_model() succesfully completed......................................
2022-01-19 01:25:52,126:INFO:SubProcess create_model() end ==================================
2022-01-19 01:25:52,132:INFO:Creating metrics dataframe
2022-01-19 01:25:52,160:INFO:Initializing Ada Boost Classifier
2022-01-19 01:25:52,161:INFO:Total runtime is 0.1421690026919047 minutes
2022-01-19 01:25:52,171:INFO:SubProcess create_model() called ==================================
2022-01-19 01:25:52,172:INFO:Initializing create_model()
2022-01-19 01:25:52,172:INFO:create_model(estimator=ada, fold=StratifiedKFold(n_splits=5, random_state=None, shuffle=False), round=4, cross_validation=True, predict=True, fit_kwargs={}, groups=None, refit=False, verbose=False, system=False, metrics=None, add_to_model_list=True, probability_threshold=None, display=<pycaret.internal.Display.Display object at 0x0000020D2445C8B0>, kwargs={})
2022-01-19 01:25:52,172:INFO:Checking exceptions
2022-01-19 01:25:52,172:INFO:Importing libraries
2022-01-19 01:25:52,172:INFO:Copying training dataset
2022-01-19 01:25:52,173:INFO:Defining folds
2022-01-19 01:25:52,174:INFO:Declaring metric variables
2022-01-19 01:25:52,182:INFO:Importing untrained model
2022-01-19 01:25:52,190:INFO:Ada Boost Classifier Imported succesfully
2022-01-19 01:25:52,208:INFO:Starting cross validation
2022-01-19 01:25:52,208:INFO:Cross validating with StratifiedKFold(n_splits=5, random_state=None, shuffle=False), n_jobs=-1
2022-01-19 01:25:52,690:INFO:Calculating mean and std
2022-01-19 01:25:52,691:INFO:Creating metrics dataframe
2022-01-19 01:25:52,694:INFO:Uploading results into container
2022-01-19 01:25:52,694:INFO:Uploading model into container now
2022-01-19 01:25:52,694:INFO:create_model_container: 9
2022-01-19 01:25:52,694:INFO:master_model_container: 9
2022-01-19 01:25:52,694:INFO:display_container: 2
2022-01-19 01:25:52,695:INFO:AdaBoostClassifier(algorithm='SAMME.R', base_estimator=None, learning_rate=1.0,
                   n_estimators=50, random_state=3996)
2022-01-19 01:25:52,695:INFO:create_model() succesfully completed......................................
2022-01-19 01:25:52,761:INFO:SubProcess create_model() end ==================================
2022-01-19 01:25:52,761:INFO:Creating metrics dataframe
2022-01-19 01:25:52,796:INFO:Initializing Gradient Boosting Classifier
2022-01-19 01:25:52,796:INFO:Total runtime is 0.15275439818700154 minutes
2022-01-19 01:25:52,809:INFO:SubProcess create_model() called ==================================
2022-01-19 01:25:52,809:INFO:Initializing create_model()
2022-01-19 01:25:52,809:INFO:create_model(estimator=gbc, fold=StratifiedKFold(n_splits=5, random_state=None, shuffle=False), round=4, cross_validation=True, predict=True, fit_kwargs={}, groups=None, refit=False, verbose=False, system=False, metrics=None, add_to_model_list=True, probability_threshold=None, display=<pycaret.internal.Display.Display object at 0x0000020D2445C8B0>, kwargs={})
2022-01-19 01:25:52,809:INFO:Checking exceptions
2022-01-19 01:25:52,809:INFO:Importing libraries
2022-01-19 01:25:52,810:INFO:Copying training dataset
2022-01-19 01:25:52,811:INFO:Defining folds
2022-01-19 01:25:52,811:INFO:Declaring metric variables
2022-01-19 01:25:52,820:INFO:Importing untrained model
2022-01-19 01:25:52,831:INFO:Gradient Boosting Classifier Imported succesfully
2022-01-19 01:25:52,851:INFO:Starting cross validation
2022-01-19 01:25:52,852:INFO:Cross validating with StratifiedKFold(n_splits=5, random_state=None, shuffle=False), n_jobs=-1
2022-01-19 01:25:54,013:INFO:Calculating mean and std
2022-01-19 01:25:54,014:INFO:Creating metrics dataframe
2022-01-19 01:25:54,017:INFO:Uploading results into container
2022-01-19 01:25:54,017:INFO:Uploading model into container now
2022-01-19 01:25:54,017:INFO:create_model_container: 10
2022-01-19 01:25:54,017:INFO:master_model_container: 10
2022-01-19 01:25:54,017:INFO:display_container: 2
2022-01-19 01:25:54,018:INFO:GradientBoostingClassifier(ccp_alpha=0.0, criterion='friedman_mse', init=None,
                           learning_rate=0.1, loss='deviance', max_depth=3,
                           max_features=None, max_leaf_nodes=None,
                           min_impurity_decrease=0.0, min_impurity_split=None,
                           min_samples_leaf=1, min_samples_split=2,
                           min_weight_fraction_leaf=0.0, n_estimators=100,
                           n_iter_no_change=None, presort='deprecated',
                           random_state=3996, subsample=1.0, tol=0.0001,
                           validation_fraction=0.1, verbose=0,
                           warm_start=False)
2022-01-19 01:25:54,019:INFO:create_model() succesfully completed......................................
2022-01-19 01:25:54,085:INFO:SubProcess create_model() end ==================================
2022-01-19 01:25:54,085:INFO:Creating metrics dataframe
2022-01-19 01:25:54,114:INFO:Initializing Linear Discriminant Analysis
2022-01-19 01:25:54,114:INFO:Total runtime is 0.1747077147165934 minutes
2022-01-19 01:25:54,123:INFO:SubProcess create_model() called ==================================
2022-01-19 01:25:54,123:INFO:Initializing create_model()
2022-01-19 01:25:54,123:INFO:create_model(estimator=lda, fold=StratifiedKFold(n_splits=5, random_state=None, shuffle=False), round=4, cross_validation=True, predict=True, fit_kwargs={}, groups=None, refit=False, verbose=False, system=False, metrics=None, add_to_model_list=True, probability_threshold=None, display=<pycaret.internal.Display.Display object at 0x0000020D2445C8B0>, kwargs={})
2022-01-19 01:25:54,123:INFO:Checking exceptions
2022-01-19 01:25:54,123:INFO:Importing libraries
2022-01-19 01:25:54,123:INFO:Copying training dataset
2022-01-19 01:25:54,124:INFO:Defining folds
2022-01-19 01:25:54,124:INFO:Declaring metric variables
2022-01-19 01:25:54,133:INFO:Importing untrained model
2022-01-19 01:25:54,142:INFO:Linear Discriminant Analysis Imported succesfully
2022-01-19 01:25:54,158:INFO:Starting cross validation
2022-01-19 01:25:54,159:INFO:Cross validating with StratifiedKFold(n_splits=5, random_state=None, shuffle=False), n_jobs=-1
2022-01-19 01:25:54,231:INFO:Calculating mean and std
2022-01-19 01:25:54,232:INFO:Creating metrics dataframe
2022-01-19 01:25:54,235:INFO:Uploading results into container
2022-01-19 01:25:54,235:INFO:Uploading model into container now
2022-01-19 01:25:54,235:INFO:create_model_container: 11
2022-01-19 01:25:54,235:INFO:master_model_container: 11
2022-01-19 01:25:54,235:INFO:display_container: 2
2022-01-19 01:25:54,236:INFO:LinearDiscriminantAnalysis(n_components=None, priors=None, shrinkage=None,
                           solver='svd', store_covariance=False, tol=0.0001)
2022-01-19 01:25:54,236:INFO:create_model() succesfully completed......................................
2022-01-19 01:25:54,310:INFO:SubProcess create_model() end ==================================
2022-01-19 01:25:54,311:INFO:Creating metrics dataframe
2022-01-19 01:25:54,340:INFO:Initializing Extra Trees Classifier
2022-01-19 01:25:54,340:INFO:Total runtime is 0.17848801215489704 minutes
2022-01-19 01:25:54,350:INFO:SubProcess create_model() called ==================================
2022-01-19 01:25:54,350:INFO:Initializing create_model()
2022-01-19 01:25:54,350:INFO:create_model(estimator=et, fold=StratifiedKFold(n_splits=5, random_state=None, shuffle=False), round=4, cross_validation=True, predict=True, fit_kwargs={}, groups=None, refit=False, verbose=False, system=False, metrics=None, add_to_model_list=True, probability_threshold=None, display=<pycaret.internal.Display.Display object at 0x0000020D2445C8B0>, kwargs={})
2022-01-19 01:25:54,351:INFO:Checking exceptions
2022-01-19 01:25:54,351:INFO:Importing libraries
2022-01-19 01:25:54,351:INFO:Copying training dataset
2022-01-19 01:25:54,351:INFO:Defining folds
2022-01-19 01:25:54,352:INFO:Declaring metric variables
2022-01-19 01:25:54,363:INFO:Importing untrained model
2022-01-19 01:25:54,375:INFO:Extra Trees Classifier Imported succesfully
2022-01-19 01:25:54,392:INFO:Starting cross validation
2022-01-19 01:25:54,393:INFO:Cross validating with StratifiedKFold(n_splits=5, random_state=None, shuffle=False), n_jobs=-1
2022-01-19 01:25:55,715:INFO:Calculating mean and std
2022-01-19 01:25:55,716:INFO:Creating metrics dataframe
2022-01-19 01:25:55,720:INFO:Uploading results into container
2022-01-19 01:25:55,721:INFO:Uploading model into container now
2022-01-19 01:25:55,721:INFO:create_model_container: 12
2022-01-19 01:25:55,721:INFO:master_model_container: 12
2022-01-19 01:25:55,721:INFO:display_container: 2
2022-01-19 01:25:55,721:INFO:ExtraTreesClassifier(bootstrap=False, ccp_alpha=0.0, class_weight=None,
                     criterion='gini', max_depth=None, max_features='auto',
                     max_leaf_nodes=None, max_samples=None,
                     min_impurity_decrease=0.0, min_impurity_split=None,
                     min_samples_leaf=1, min_samples_split=2,
                     min_weight_fraction_leaf=0.0, n_estimators=100, n_jobs=-1,
                     oob_score=False, random_state=3996, verbose=0,
                     warm_start=False)
2022-01-19 01:25:55,722:INFO:create_model() succesfully completed......................................
2022-01-19 01:25:55,792:INFO:SubProcess create_model() end ==================================
2022-01-19 01:25:55,792:INFO:Creating metrics dataframe
2022-01-19 01:25:55,822:INFO:Initializing Light Gradient Boosting Machine
2022-01-19 01:25:55,822:INFO:Total runtime is 0.20318088928858438 minutes
2022-01-19 01:25:55,831:INFO:SubProcess create_model() called ==================================
2022-01-19 01:25:55,831:INFO:Initializing create_model()
2022-01-19 01:25:55,831:INFO:create_model(estimator=lightgbm, fold=StratifiedKFold(n_splits=5, random_state=None, shuffle=False), round=4, cross_validation=True, predict=True, fit_kwargs={}, groups=None, refit=False, verbose=False, system=False, metrics=None, add_to_model_list=True, probability_threshold=None, display=<pycaret.internal.Display.Display object at 0x0000020D2445C8B0>, kwargs={})
2022-01-19 01:25:55,832:INFO:Checking exceptions
2022-01-19 01:25:55,832:INFO:Importing libraries
2022-01-19 01:25:55,832:INFO:Copying training dataset
2022-01-19 01:25:55,833:INFO:Defining folds
2022-01-19 01:25:55,833:INFO:Declaring metric variables
2022-01-19 01:25:55,843:INFO:Importing untrained model
2022-01-19 01:25:55,850:INFO:Light Gradient Boosting Machine Imported succesfully
2022-01-19 01:25:55,869:INFO:Starting cross validation
2022-01-19 01:25:55,870:INFO:Cross validating with StratifiedKFold(n_splits=5, random_state=None, shuffle=False), n_jobs=-1
2022-01-19 01:25:56,818:INFO:Calculating mean and std
2022-01-19 01:25:56,818:INFO:Creating metrics dataframe
2022-01-19 01:25:56,822:INFO:Uploading results into container
2022-01-19 01:25:56,822:INFO:Uploading model into container now
2022-01-19 01:25:56,822:INFO:create_model_container: 13
2022-01-19 01:25:56,822:INFO:master_model_container: 13
2022-01-19 01:25:56,822:INFO:display_container: 2
2022-01-19 01:25:56,823:INFO:LGBMClassifier(boosting_type='gbdt', class_weight=None, colsample_bytree=1.0,
               importance_type='split', learning_rate=0.1, max_depth=-1,
               min_child_samples=20, min_child_weight=0.001, min_split_gain=0.0,
               n_estimators=100, n_jobs=-1, num_leaves=31, objective=None,
               random_state=3996, reg_alpha=0.0, reg_lambda=0.0, silent='warn',
               subsample=1.0, subsample_for_bin=200000, subsample_freq=0)
2022-01-19 01:25:56,823:INFO:create_model() succesfully completed......................................
2022-01-19 01:25:56,889:INFO:SubProcess create_model() end ==================================
2022-01-19 01:25:56,889:INFO:Creating metrics dataframe
2022-01-19 01:25:56,918:INFO:Initializing Dummy Classifier
2022-01-19 01:25:56,918:INFO:Total runtime is 0.22144289811452228 minutes
2022-01-19 01:25:56,927:INFO:SubProcess create_model() called ==================================
2022-01-19 01:25:56,927:INFO:Initializing create_model()
2022-01-19 01:25:56,928:INFO:create_model(estimator=dummy, fold=StratifiedKFold(n_splits=5, random_state=None, shuffle=False), round=4, cross_validation=True, predict=True, fit_kwargs={}, groups=None, refit=False, verbose=False, system=False, metrics=None, add_to_model_list=True, probability_threshold=None, display=<pycaret.internal.Display.Display object at 0x0000020D2445C8B0>, kwargs={})
2022-01-19 01:25:56,928:INFO:Checking exceptions
2022-01-19 01:25:56,928:INFO:Importing libraries
2022-01-19 01:25:56,928:INFO:Copying training dataset
2022-01-19 01:25:56,929:INFO:Defining folds
2022-01-19 01:25:56,930:INFO:Declaring metric variables
2022-01-19 01:25:56,939:INFO:Importing untrained model
2022-01-19 01:25:56,949:INFO:Dummy Classifier Imported succesfully
2022-01-19 01:25:56,964:INFO:Starting cross validation
2022-01-19 01:25:56,965:INFO:Cross validating with StratifiedKFold(n_splits=5, random_state=None, shuffle=False), n_jobs=-1
2022-01-19 01:25:57,016:INFO:Calculating mean and std
2022-01-19 01:25:57,017:INFO:Creating metrics dataframe
2022-01-19 01:25:57,021:INFO:Uploading results into container
2022-01-19 01:25:57,021:INFO:Uploading model into container now
2022-01-19 01:25:57,021:INFO:create_model_container: 14
2022-01-19 01:25:57,021:INFO:master_model_container: 14
2022-01-19 01:25:57,021:INFO:display_container: 2
2022-01-19 01:25:57,021:INFO:DummyClassifier(constant=None, random_state=3996, strategy='prior')
2022-01-19 01:25:57,021:INFO:create_model() succesfully completed......................................
2022-01-19 01:25:57,087:INFO:SubProcess create_model() end ==================================
2022-01-19 01:25:57,087:INFO:Creating metrics dataframe
2022-01-19 01:25:57,136:INFO:Initializing create_model()
2022-01-19 01:25:57,136:INFO:create_model(estimator=GradientBoostingClassifier(ccp_alpha=0.0, criterion='friedman_mse', init=None,
                           learning_rate=0.1, loss='deviance', max_depth=3,
                           max_features=None, max_leaf_nodes=None,
                           min_impurity_decrease=0.0, min_impurity_split=None,
                           min_samples_leaf=1, min_samples_split=2,
                           min_weight_fraction_leaf=0.0, n_estimators=100,
                           n_iter_no_change=None, presort='deprecated',
                           random_state=3996, subsample=1.0, tol=0.0001,
                           validation_fraction=0.1, verbose=0,
                           warm_start=False), fold=StratifiedKFold(n_splits=5, random_state=None, shuffle=False), round=4, cross_validation=False, predict=False, fit_kwargs={}, groups=None, refit=True, verbose=False, system=False, metrics=None, add_to_model_list=True, probability_threshold=None, display=None, kwargs={})
2022-01-19 01:25:57,136:INFO:Checking exceptions
2022-01-19 01:25:57,137:INFO:Importing libraries
2022-01-19 01:25:57,137:INFO:Copying training dataset
2022-01-19 01:25:57,137:INFO:Defining folds
2022-01-19 01:25:57,137:INFO:Declaring metric variables
2022-01-19 01:25:57,137:INFO:Importing untrained model
2022-01-19 01:25:57,137:INFO:Declaring custom model
2022-01-19 01:25:57,138:INFO:Gradient Boosting Classifier Imported succesfully
2022-01-19 01:25:57,138:INFO:Cross validation set to False
2022-01-19 01:25:57,138:INFO:Fitting Model
2022-01-19 01:25:58,111:INFO:GradientBoostingClassifier(ccp_alpha=0.0, criterion='friedman_mse', init=None,
                           learning_rate=0.1, loss='deviance', max_depth=3,
                           max_features=None, max_leaf_nodes=None,
                           min_impurity_decrease=0.0, min_impurity_split=None,
                           min_samples_leaf=1, min_samples_split=2,
                           min_weight_fraction_leaf=0.0, n_estimators=100,
                           n_iter_no_change=None, presort='deprecated',
                           random_state=3996, subsample=1.0, tol=0.0001,
                           validation_fraction=0.1, verbose=0,
                           warm_start=False)
2022-01-19 01:25:58,112:INFO:create_models() succesfully completed......................................
2022-01-19 01:25:58,233:INFO:create_model_container: 14
2022-01-19 01:25:58,233:INFO:master_model_container: 14
2022-01-19 01:25:58,234:INFO:display_container: 2
2022-01-19 01:25:58,234:INFO:GradientBoostingClassifier(ccp_alpha=0.0, criterion='friedman_mse', init=None,
                           learning_rate=0.1, loss='deviance', max_depth=3,
                           max_features=None, max_leaf_nodes=None,
                           min_impurity_decrease=0.0, min_impurity_split=None,
                           min_samples_leaf=1, min_samples_split=2,
                           min_weight_fraction_leaf=0.0, n_estimators=100,
                           n_iter_no_change=None, presort='deprecated',
                           random_state=3996, subsample=1.0, tol=0.0001,
                           validation_fraction=0.1, verbose=0,
                           warm_start=False)
2022-01-19 01:25:58,234:INFO:compare_models() succesfully completed......................................
2022-01-19 01:26:57,482:INFO:Initializing create_model()
2022-01-19 01:26:57,483:INFO:create_model(estimator=gbc, fold=5, round=4, cross_validation=True, predict=True, fit_kwargs=None, groups=None, refit=True, verbose=True, system=True, metrics=None, add_to_model_list=True, probability_threshold=None, display=None, kwargs={})
2022-01-19 01:26:57,483:INFO:Checking exceptions
2022-01-19 01:26:57,483:INFO:Preparing display monitor
2022-01-19 01:26:57,507:INFO:Importing libraries
2022-01-19 01:26:57,507:INFO:Copying training dataset
2022-01-19 01:26:57,507:INFO:Defining folds
2022-01-19 01:26:57,508:INFO:Declaring metric variables
2022-01-19 01:26:57,515:INFO:Importing untrained model
2022-01-19 01:26:57,523:INFO:Gradient Boosting Classifier Imported succesfully
2022-01-19 01:26:57,538:INFO:Starting cross validation
2022-01-19 01:26:57,539:INFO:Cross validating with StratifiedKFold(n_splits=5, random_state=None, shuffle=False), n_jobs=-1
2022-01-19 01:26:58,627:INFO:Calculating mean and std
2022-01-19 01:26:58,627:INFO:Creating metrics dataframe
2022-01-19 01:26:58,638:INFO:Finalizing model
2022-01-19 01:26:59,583:INFO:Uploading results into container
2022-01-19 01:26:59,583:INFO:Uploading model into container now
2022-01-19 01:26:59,595:INFO:create_model_container: 15
2022-01-19 01:26:59,595:INFO:master_model_container: 15
2022-01-19 01:26:59,596:INFO:display_container: 3
2022-01-19 01:26:59,596:INFO:GradientBoostingClassifier(ccp_alpha=0.0, criterion='friedman_mse', init=None,
                           learning_rate=0.1, loss='deviance', max_depth=3,
                           max_features=None, max_leaf_nodes=None,
                           min_impurity_decrease=0.0, min_impurity_split=None,
                           min_samples_leaf=1, min_samples_split=2,
                           min_weight_fraction_leaf=0.0, n_estimators=100,
                           n_iter_no_change=None, presort='deprecated',
                           random_state=3996, subsample=1.0, tol=0.0001,
                           validation_fraction=0.1, verbose=0,
                           warm_start=False)
2022-01-19 01:26:59,596:INFO:create_model() succesfully completed......................................
2022-01-19 01:27:40,939:INFO:Initializing create_model()
2022-01-19 01:27:40,939:INFO:create_model(estimator=gbc, fold=5, round=4, cross_validation=True, predict=True, fit_kwargs=None, groups=None, refit=True, verbose=True, system=True, metrics=None, add_to_model_list=True, probability_threshold=None, display=None, kwargs={})
2022-01-19 01:27:40,939:INFO:Checking exceptions
2022-01-19 01:27:40,939:INFO:Preparing display monitor
2022-01-19 01:27:40,957:INFO:Importing libraries
2022-01-19 01:27:40,958:INFO:Copying training dataset
2022-01-19 01:27:40,958:INFO:Defining folds
2022-01-19 01:27:40,958:INFO:Declaring metric variables
2022-01-19 01:27:40,967:INFO:Importing untrained model
2022-01-19 01:27:40,982:INFO:Gradient Boosting Classifier Imported succesfully
2022-01-19 01:27:40,999:INFO:Starting cross validation
2022-01-19 01:27:41,000:INFO:Cross validating with StratifiedKFold(n_splits=5, random_state=None, shuffle=False), n_jobs=-1
2022-01-19 01:27:42,063:INFO:Calculating mean and std
2022-01-19 01:27:42,063:INFO:Creating metrics dataframe
2022-01-19 01:27:42,075:INFO:Finalizing model
2022-01-19 01:27:42,997:INFO:Uploading results into container
2022-01-19 01:27:42,997:INFO:Uploading model into container now
2022-01-19 01:27:43,009:INFO:create_model_container: 16
2022-01-19 01:27:43,009:INFO:master_model_container: 16
2022-01-19 01:27:43,009:INFO:display_container: 4
2022-01-19 01:27:43,010:INFO:GradientBoostingClassifier(ccp_alpha=0.0, criterion='friedman_mse', init=None,
                           learning_rate=0.1, loss='deviance', max_depth=3,
                           max_features=None, max_leaf_nodes=None,
                           min_impurity_decrease=0.0, min_impurity_split=None,
                           min_samples_leaf=1, min_samples_split=2,
                           min_weight_fraction_leaf=0.0, n_estimators=100,
                           n_iter_no_change=None, presort='deprecated',
                           random_state=3996, subsample=1.0, tol=0.0001,
                           validation_fraction=0.1, verbose=0,
                           warm_start=False)
2022-01-19 01:27:43,010:INFO:create_model() succesfully completed......................................
2022-01-19 01:28:16,749:INFO:Initializing tune_model()
2022-01-19 01:28:16,749:INFO:tune_model(estimator=GradientBoostingClassifier(ccp_alpha=0.0, criterion='friedman_mse', init=None,
                           learning_rate=0.1, loss='deviance', max_depth=3,
                           max_features=None, max_leaf_nodes=None,
                           min_impurity_decrease=0.0, min_impurity_split=None,
                           min_samples_leaf=1, min_samples_split=2,
                           min_weight_fraction_leaf=0.0, n_estimators=100,
                           n_iter_no_change=None, presort='deprecated',
                           random_state=3996, subsample=1.0, tol=0.0001,
                           validation_fraction=0.1, verbose=0,
                           warm_start=False), fold=5, round=4, n_iter=10, custom_grid={'learning_rate': [0.1, 0.2, 0.5], 'n_estimators': [100, 500, 1000], 'min_samples_split': [1, 2, 5, 10], 'max_depth': [1, 3, 9]}, optimize=AUC, custom_scorer=None, search_library=scikit-learn, search_algorithm=None, early_stopping=False, early_stopping_max_iters=10, choose_better=False, fit_kwargs=None, groups=None, return_tuner=False, verbose=True, tuner_verbose=True, display=None, kwargs={})
2022-01-19 01:28:16,749:INFO:Checking exceptions
2022-01-19 01:28:16,751:INFO:Preparing display monitor
2022-01-19 01:28:16,769:INFO:Copying training dataset
2022-01-19 01:28:16,770:INFO:Checking base model
2022-01-19 01:28:16,770:INFO:Base model : Gradient Boosting Classifier
2022-01-19 01:28:16,781:INFO:Declaring metric variables
2022-01-19 01:28:16,788:INFO:Defining Hyperparameters
2022-01-19 01:28:16,860:INFO:custom_grid: {'actual_estimator__learning_rate': [0.1, 0.2, 0.5], 'actual_estimator__n_estimators': [100, 500, 1000], 'actual_estimator__min_samples_split': [1, 2, 5, 10], 'actual_estimator__max_depth': [1, 3, 9]}
2022-01-19 01:28:16,861:INFO:Tuning with n_jobs=-1
2022-01-19 01:28:16,861:INFO:Initializing RandomizedSearchCV
2022-01-19 01:29:27,934:INFO:best_params: {'actual_estimator__n_estimators': 100, 'actual_estimator__min_samples_split': 2, 'actual_estimator__max_depth': 3, 'actual_estimator__learning_rate': 0.1}
2022-01-19 01:29:27,935:INFO:Hyperparameter search completed
2022-01-19 01:29:27,935:INFO:SubProcess create_model() called ==================================
2022-01-19 01:29:27,935:INFO:Initializing create_model()
2022-01-19 01:29:27,935:INFO:create_model(estimator=GradientBoostingClassifier(ccp_alpha=0.0, criterion='friedman_mse', init=None,
                           learning_rate=0.1, loss='deviance', max_depth=3,
                           max_features=None, max_leaf_nodes=None,
                           min_impurity_decrease=0.0, min_impurity_split=None,
                           min_samples_leaf=1, min_samples_split=2,
                           min_weight_fraction_leaf=0.0, n_estimators=100,
                           n_iter_no_change=None, presort='deprecated',
                           random_state=3996, subsample=1.0, tol=0.0001,
                           validation_fraction=0.1, verbose=0,
                           warm_start=False), fold=StratifiedKFold(n_splits=5, random_state=None, shuffle=False), round=4, cross_validation=True, predict=True, fit_kwargs={}, groups=None, refit=True, verbose=True, system=False, metrics=None, add_to_model_list=True, probability_threshold=None, display=<pycaret.internal.Display.Display object at 0x0000020D2B0CC370>, kwargs={'n_estimators': 100, 'min_samples_split': 2, 'max_depth': 3, 'learning_rate': 0.1})
2022-01-19 01:29:27,935:INFO:Checking exceptions
2022-01-19 01:29:27,935:INFO:Importing libraries
2022-01-19 01:29:27,935:INFO:Copying training dataset
2022-01-19 01:29:27,936:INFO:Defining folds
2022-01-19 01:29:27,936:INFO:Declaring metric variables
2022-01-19 01:29:27,944:INFO:Importing untrained model
2022-01-19 01:29:27,944:INFO:Declaring custom model
2022-01-19 01:29:27,951:INFO:Gradient Boosting Classifier Imported succesfully
2022-01-19 01:29:27,969:INFO:Starting cross validation
2022-01-19 01:29:27,970:INFO:Cross validating with StratifiedKFold(n_splits=5, random_state=None, shuffle=False), n_jobs=-1
2022-01-19 01:29:29,476:INFO:Calculating mean and std
2022-01-19 01:29:29,477:INFO:Creating metrics dataframe
2022-01-19 01:29:29,493:INFO:Finalizing model
2022-01-19 01:29:30,568:INFO:Uploading results into container
2022-01-19 01:29:30,568:INFO:Uploading model into container now
2022-01-19 01:29:30,572:INFO:create_model_container: 17
2022-01-19 01:29:30,572:INFO:master_model_container: 17
2022-01-19 01:29:30,572:INFO:display_container: 5
2022-01-19 01:29:30,572:INFO:GradientBoostingClassifier(ccp_alpha=0.0, criterion='friedman_mse', init=None,
                           learning_rate=0.1, loss='deviance', max_depth=3,
                           max_features=None, max_leaf_nodes=None,
                           min_impurity_decrease=0.0, min_impurity_split=None,
                           min_samples_leaf=1, min_samples_split=2,
                           min_weight_fraction_leaf=0.0, n_estimators=100,
                           n_iter_no_change=None, presort='deprecated',
                           random_state=3996, subsample=1.0, tol=0.0001,
                           validation_fraction=0.1, verbose=0,
                           warm_start=False)
2022-01-19 01:29:30,572:INFO:create_model() succesfully completed......................................
2022-01-19 01:29:30,635:INFO:SubProcess create_model() end ==================================
2022-01-19 01:29:30,656:INFO:create_model_container: 17
2022-01-19 01:29:30,656:INFO:master_model_container: 17
2022-01-19 01:29:30,656:INFO:display_container: 5
2022-01-19 01:29:30,657:INFO:GradientBoostingClassifier(ccp_alpha=0.0, criterion='friedman_mse', init=None,
                           learning_rate=0.1, loss='deviance', max_depth=3,
                           max_features=None, max_leaf_nodes=None,
                           min_impurity_decrease=0.0, min_impurity_split=None,
                           min_samples_leaf=1, min_samples_split=2,
                           min_weight_fraction_leaf=0.0, n_estimators=100,
                           n_iter_no_change=None, presort='deprecated',
                           random_state=3996, subsample=1.0, tol=0.0001,
                           validation_fraction=0.1, verbose=0,
                           warm_start=False)
2022-01-19 01:29:30,657:INFO:tune_model() succesfully completed......................................
2022-01-19 01:29:30,765:INFO:Initializing predict_model()
2022-01-19 01:29:30,765:INFO:predict_model(estimator=GradientBoostingClassifier(ccp_alpha=0.0, criterion='friedman_mse', init=None,
                           learning_rate=0.1, loss='deviance', max_depth=3,
                           max_features=None, max_leaf_nodes=None,
                           min_impurity_decrease=0.0, min_impurity_split=None,
                           min_samples_leaf=1, min_samples_split=2,
                           min_weight_fraction_leaf=0.0, n_estimators=100,
                           n_iter_no_change=None, presort='deprecated',
                           random_state=3996, subsample=1.0, tol=0.0001,
                           validation_fraction=0.1, verbose=0,
                           warm_start=False), probability_threshold=None, encoded_labels=False, drift_report=False, raw_score=False, round=4, verbose=True, ml_usecase=MLUsecase.CLASSIFICATION, display=None)
2022-01-19 01:29:30,765:INFO:Checking exceptions
2022-01-19 01:29:30,765:INFO:Preloading libraries
2022-01-19 01:29:30,765:INFO:Preparing display monitor
2022-01-19 01:33:09,298:INFO:Initializing finalize_model()
2022-01-19 01:33:09,298:INFO:finalize_model(estimator=GradientBoostingClassifier(ccp_alpha=0.0, criterion='friedman_mse', init=None,
                           learning_rate=0.1, loss='deviance', max_depth=3,
                           max_features=None, max_leaf_nodes=None,
                           min_impurity_decrease=0.0, min_impurity_split=None,
                           min_samples_leaf=1, min_samples_split=2,
                           min_weight_fraction_leaf=0.0, n_estimators=100,
                           n_iter_no_change=None, presort='deprecated',
                           random_state=3996, subsample=1.0, tol=0.0001,
                           validation_fraction=0.1, verbose=0,
                           warm_start=False), fit_kwargs=None, groups=None, model_only=True, display=None)
2022-01-19 01:33:09,299:INFO:Finalizing GradientBoostingClassifier(ccp_alpha=0.0, criterion='friedman_mse', init=None,
                           learning_rate=0.1, loss='deviance', max_depth=3,
                           max_features=None, max_leaf_nodes=None,
                           min_impurity_decrease=0.0, min_impurity_split=None,
                           min_samples_leaf=1, min_samples_split=2,
                           min_weight_fraction_leaf=0.0, n_estimators=100,
                           n_iter_no_change=None, presort='deprecated',
                           random_state=3996, subsample=1.0, tol=0.0001,
                           validation_fraction=0.1, verbose=0,
                           warm_start=False)
2022-01-19 01:33:09,299:INFO:Initializing create_model()
2022-01-19 01:33:09,300:INFO:create_model(estimator=GradientBoostingClassifier(ccp_alpha=0.0, criterion='friedman_mse', init=None,
                           learning_rate=0.1, loss='deviance', max_depth=3,
                           max_features=None, max_leaf_nodes=None,
                           min_impurity_decrease=0.0, min_impurity_split=None,
                           min_samples_leaf=1, min_samples_split=2,
                           min_weight_fraction_leaf=0.0, n_estimators=100,
                           n_iter_no_change=None, presort='deprecated',
                           random_state=3996, subsample=1.0, tol=0.0001,
                           validation_fraction=0.1, verbose=0,
                           warm_start=False), fold=None, round=4, cross_validation=True, predict=True, fit_kwargs={}, groups=None, refit=True, verbose=False, system=False, metrics=None, add_to_model_list=False, probability_threshold=None, display=None, kwargs={})
2022-01-19 01:33:09,300:INFO:Checking exceptions
2022-01-19 01:33:09,300:INFO:Importing libraries
2022-01-19 01:33:09,300:INFO:Copying training dataset
2022-01-19 01:33:09,301:INFO:Defining folds
2022-01-19 01:33:09,301:INFO:Declaring metric variables
2022-01-19 01:33:09,301:INFO:Importing untrained model
2022-01-19 01:33:09,301:INFO:Declaring custom model
2022-01-19 01:33:09,302:INFO:Gradient Boosting Classifier Imported succesfully
2022-01-19 01:33:09,302:INFO:Starting cross validation
2022-01-19 01:33:09,303:INFO:Cross validating with StratifiedKFold(n_splits=10, random_state=None, shuffle=False), n_jobs=-1
2022-01-19 01:33:12,747:INFO:Calculating mean and std
2022-01-19 01:33:12,747:INFO:Creating metrics dataframe
2022-01-19 01:33:12,747:INFO:Finalizing model
2022-01-19 01:33:14,071:INFO:create_model_container: 17
2022-01-19 01:33:14,071:INFO:master_model_container: 17
2022-01-19 01:33:14,071:INFO:display_container: 6
2022-01-19 01:33:14,071:INFO:GradientBoostingClassifier(ccp_alpha=0.0, criterion='friedman_mse', init=None,
                           learning_rate=0.1, loss='deviance', max_depth=3,
                           max_features=None, max_leaf_nodes=None,
                           min_impurity_decrease=0.0, min_impurity_split=None,
                           min_samples_leaf=1, min_samples_split=2,
                           min_weight_fraction_leaf=0.0, n_estimators=100,
                           n_iter_no_change=None, presort='deprecated',
                           random_state=3996, subsample=1.0, tol=0.0001,
                           validation_fraction=0.1, verbose=0,
                           warm_start=False)
2022-01-19 01:33:14,071:INFO:create_model() succesfully completed......................................
2022-01-19 01:33:14,136:INFO:create_model_container: 17
2022-01-19 01:33:14,136:INFO:master_model_container: 17
2022-01-19 01:33:14,136:INFO:display_container: 5
2022-01-19 01:33:14,136:INFO:GradientBoostingClassifier(ccp_alpha=0.0, criterion='friedman_mse', init=None,
                           learning_rate=0.1, loss='deviance', max_depth=3,
                           max_features=None, max_leaf_nodes=None,
                           min_impurity_decrease=0.0, min_impurity_split=None,
                           min_samples_leaf=1, min_samples_split=2,
                           min_weight_fraction_leaf=0.0, n_estimators=100,
                           n_iter_no_change=None, presort='deprecated',
                           random_state=3996, subsample=1.0, tol=0.0001,
                           validation_fraction=0.1, verbose=0,
                           warm_start=False)
2022-01-19 01:33:14,136:INFO:finalize_model() succesfully completed......................................
2022-01-19 01:33:37,390:INFO:Initializing save_model()
2022-01-19 01:33:37,390:INFO:save_model(model=GradientBoostingClassifier(ccp_alpha=0.0, criterion='friedman_mse', init=None,
                           learning_rate=0.1, loss='deviance', max_depth=3,
                           max_features=None, max_leaf_nodes=None,
                           min_impurity_decrease=0.0, min_impurity_split=None,
                           min_samples_leaf=1, min_samples_split=2,
                           min_weight_fraction_leaf=0.0, n_estimators=100,
                           n_iter_no_change=None, presort='deprecated',
                           random_state=3996, subsample=1.0, tol=0.0001,
                           validation_fraction=0.1, verbose=0,
                           warm_start=False), model_name=model, prep_pipe_=Pipeline(memory=None,
         steps=[('dtypes',
                 DataTypes_Auto_infer(categorical_features=[],
                                      display_types=True, features_todrop=[],
                                      id_columns=[],
                                      ml_usecase='classification',
                                      numerical_features=['yearsAtCompany'],
                                      target='turnover', time_features=[])),
                ('imputer',
                 Simple_Imputer(categorical_strategy='not_available',
                                fill_value_categorical=None,
                                fill_value_numerical=...
                ('P_transform', 'passthrough'), ('binn', 'passthrough'),
                ('rem_outliers', 'passthrough'), ('cluster_all', 'passthrough'),
                ('dummy', Dummify(target='turnover')),
                ('fix_perfect', Remove_100(target='turnover')),
                ('clean_names', Clean_Colum_Names()),
                ('feature_select', 'passthrough'), ('fix_multi', 'passthrough'),
                ('dfs', 'passthrough'), ('pca', 'passthrough')],
         verbose=False), verbose=True, kwargs={})
2022-01-19 01:33:37,390:INFO:Adding model into prep_pipe
2022-01-19 01:33:37,404:INFO:model.pkl saved in current working directory
2022-01-19 01:33:37,410:INFO:Pipeline(memory=None,
         steps=[('dtypes',
                 DataTypes_Auto_infer(categorical_features=[],
                                      display_types=True, features_todrop=[],
                                      id_columns=[],
                                      ml_usecase='classification',
                                      numerical_features=['yearsAtCompany'],
                                      target='turnover', time_features=[])),
                ('imputer',
                 Simple_Imputer(categorical_strategy='not_available',
                                fill_value_categorical=None,
                                fill_value_numerical=...
                                            learning_rate=0.1, loss='deviance',
                                            max_depth=3, max_features=None,
                                            max_leaf_nodes=None,
                                            min_impurity_decrease=0.0,
                                            min_impurity_split=None,
                                            min_samples_leaf=1,
                                            min_samples_split=2,
                                            min_weight_fraction_leaf=0.0,
                                            n_estimators=100,
                                            n_iter_no_change=None,
                                            presort='deprecated',
                                            random_state=3996, subsample=1.0,
                                            tol=0.0001, validation_fraction=0.1,
                                            verbose=0, warm_start=False)]],
         verbose=False)
2022-01-19 01:33:37,410:INFO:save_model() successfully completed......................................
